<?xml version="1.0" encoding="UTF-8"?>
<!-- Generated by org.testng.reporters.JUnitReportReporter -->
<testsuite hostname="vdc01dllap0373" name="com.techbins.niki.CreateReminderNiki" tests="1" failures="0" timestamp="1 Jul 2017 11:35:52 GMT" time="21.765" errors="0">
  <testcase name="openAmazonApplication" time="21.765" classname="com.techbins.niki.CreateReminderNiki"/>
</testsuite> <!-- com.techbins.niki.CreateReminderNiki -->
