<?xml version="1.0" encoding="UTF-8"?>
<!-- Generated by org.testng.reporters.JUnitReportReporter -->
<testsuite hostname="vdc01dllap0373" name="appiumPack.StartAmazonApplication" tests="1" failures="0" timestamp="30 Jun 2017 17:48:51 GMT" time="14.996" errors="0">
  <testcase name="openAmazonApplication" time="14.996" classname="appiumPack.StartAmazonApplication"/>
</testsuite> <!-- appiumPack.StartAmazonApplication -->
