<?xml version="1.0" encoding="UTF-8"?>
<!-- Generated by org.testng.reporters.JUnitReportReporter -->
<testsuite hostname="vdc01dllap0373" name="com.techbins.niki.OpenAppiumServer" tests="1" failures="0" timestamp="1 Jul 2017 08:41:44 GMT" time="18.699" errors="0">
  <testcase name="startAndStopAppium" time="18.699" classname="com.techbins.niki.OpenAppiumServer"/>
</testsuite> <!-- com.techbins.niki.OpenAppiumServer -->
