<?xml version="1.0" encoding="UTF-8"?>
<!-- Generated by org.testng.reporters.JUnitReportReporter -->
<testsuite hostname="vdc01dllap0373" name="appiumPack.GeckoDriver" tests="1" failures="0" timestamp="20 Mar 2017 14:02:03 GMT" time="10.722" errors="0">
  <testcase name="openFirefoxBrowser" time="10.722" classname="appiumPack.GeckoDriver"/>
</testsuite> <!-- appiumPack.GeckoDriver -->
