<?xml version="1.0" encoding="UTF-8"?>
<!-- Generated by org.testng.reporters.JUnitReportReporter -->
<testsuite hostname="vdc01dllap0373" name="appiumPack.ScreenOrientation" tests="1" failures="0" timestamp="26 Mar 2017 11:24:11 GMT" time="34.740" errors="0">
  <testcase name="screenorientation" time="34.740" classname="appiumPack.ScreenOrientation"/>
</testsuite> <!-- appiumPack.ScreenOrientation -->
