<?xml version="1.0" encoding="UTF-8"?>
<!-- Generated by org.testng.reporters.JUnitReportReporter -->
<testsuite hostname="vdc01dllap0373" name="appiumPack.OpenAppiumServer" tests="1" failures="0" timestamp="25 Mar 2017 14:25:05 GMT" time="23.798" errors="0">
  <testcase name="startAndStopAppium" time="23.798" classname="appiumPack.OpenAppiumServer"/>
</testsuite> <!-- appiumPack.OpenAppiumServer -->
