<?xml version="1.0" encoding="UTF-8"?>
<!-- Generated by org.testng.reporters.JUnitReportReporter -->
<testsuite hostname="vdc01dllap0373" name="appiumPack.ScreenshotOfPage" tests="1" failures="0" timestamp="22 Mar 2017 17:25:15 GMT" time="25.419" errors="0">
  <testcase name="screenshotOfpageAndroid" time="25.419" classname="appiumPack.ScreenshotOfPage"/>
</testsuite> <!-- appiumPack.ScreenshotOfPage -->
